{"C:\\Users\\Gabri\\OneDrive\\Área de Trabalho\\QA\\index.js": {"path":"C:\\Users\\Gabri\\OneDrive\\Área de Trabalho\\QA\\index.js","statementMap":{"0":{"start":{"line":2,"column":2},"end":{"line":2,"column":35}},"1":{"start":{"line":6,"column":2},"end":{"line":6,"column":28}}},"fnMap":{"0":{"name":"somaHorasExtras","decl":{"start":{"line":1,"column":9},"end":{"line":1,"column":24}},"loc":{"start":{"line":1,"column":53},"end":{"line":3,"column":2}},"line":1},"1":{"name":"calculaDescontos","decl":{"start":{"line":5,"column":9},"end":{"line":5,"column":25}},"loc":{"start":{"line":5,"column":47},"end":{"line":7,"column":2}},"line":5}},"branchMap":{},"s":{"0":1,"1":1},"f":{"0":1,"1":1},"b":{},"_coverageSchema":"1a1c01bbd47fc00a2c39e90264f33305004495a9","hash":"0ca981a25e582ed06b17806124e5da27cee2acf8"}
}
